<?xml version="1.0" encoding="UTF-8"?>
<testng-results skipped="0" failed="1" ignored="14" total="23" passed="8">
  <reporter-output>
  </reporter-output>
  <suite name="QuickHire Suite" duration-ms="338453" started-at="2020-12-10T03:58:30Z" finished-at="2020-12-10T04:04:09Z">
    <groups>
    </groups>
    <test name="QuickHire Test2" duration-ms="338453" started-at="2020-12-10T03:58:30Z" finished-at="2020-12-10T04:04:09Z">
      <class name="org.automation.testcases.TC_008_Iframe_New_Window">
        <test-method status="PASS" signature="initiateDriverInstance()[pri:0, instance:org.automation.testcases.TC_008_Iframe_New_Window@3ceaceaf]" name="initiateDriverInstance" is-config="true" duration-ms="18705" started-at="2020-12-10T04:02:52Z" finished-at="2020-12-10T04:03:11Z">
          <reporter-output>
          </reporter-output>
        </test-method> <!-- initiateDriverInstance -->
        <test-method status="FAIL" signature="WindowHandleDemo()[pri:0, instance:org.automation.testcases.TC_008_Iframe_New_Window@3ceaceaf]" name="WindowHandleDemo" duration-ms="8447" started-at="2020-12-10T04:03:11Z" finished-at="2020-12-10T04:03:20Z">
          <exception class="org.openqa.selenium.ElementNotInteractableException">
            <message>
              <![CDATA[element not interactable
  (Session info: chrome=87.0.4280.88)
Build info: version: '3.141.59', revision: 'e82be7d358', time: '2018-11-14T08:17:03'
System info: host: 'MUMSDALVI', ip: '172.17.1.248', os.name: 'Windows 10', os.arch: 'amd64', os.version: '10.0', java.version: '1.8.0_201'
Driver info: org.openqa.selenium.chrome.ChromeDriver
Capabilities {acceptInsecureCerts: false, browserName: chrome, browserVersion: 87.0.4280.88, chrome: {chromedriverVersion: 86.0.4240.22 (398b0743353ff..., userDataDir: C:\Users\sdalvi\AppData\Loc...}, goog:chromeOptions: {debuggerAddress: localhost:52802}, javascriptEnabled: true, networkConnectionEnabled: false, pageLoadStrategy: normal, platform: WINDOWS, platformName: WINDOWS, proxy: Proxy(), setWindowRect: true, strictFileInteractability: false, timeouts: {implicit: 0, pageLoad: 300000, script: 30000}, unhandledPromptBehavior: dismiss and notify, webauthn:virtualAuthenticators: true}
Session ID: d119c02481901460a7d2a3c09b9fb334]]>
            </message>
            <full-stacktrace>
              <![CDATA[org.openqa.selenium.ElementNotInteractableException: element not interactable
  (Session info: chrome=87.0.4280.88)
Build info: version: '3.141.59', revision: 'e82be7d358', time: '2018-11-14T08:17:03'
System info: host: 'MUMSDALVI', ip: '172.17.1.248', os.name: 'Windows 10', os.arch: 'amd64', os.version: '10.0', java.version: '1.8.0_201'
Driver info: org.openqa.selenium.chrome.ChromeDriver
Capabilities {acceptInsecureCerts: false, browserName: chrome, browserVersion: 87.0.4280.88, chrome: {chromedriverVersion: 86.0.4240.22 (398b0743353ff..., userDataDir: C:\Users\sdalvi\AppData\Loc...}, goog:chromeOptions: {debuggerAddress: localhost:52802}, javascriptEnabled: true, networkConnectionEnabled: false, pageLoadStrategy: normal, platform: WINDOWS, platformName: WINDOWS, proxy: Proxy(), setWindowRect: true, strictFileInteractability: false, timeouts: {implicit: 0, pageLoad: 300000, script: 30000}, unhandledPromptBehavior: dismiss and notify, webauthn:virtualAuthenticators: true}
Session ID: d119c02481901460a7d2a3c09b9fb334
at sun.reflect.NativeConstructorAccessorImpl.newInstance0(Native Method)
at sun.reflect.NativeConstructorAccessorImpl.newInstance(Unknown Source)
at sun.reflect.DelegatingConstructorAccessorImpl.newInstance(Unknown Source)
at java.lang.reflect.Constructor.newInstance(Unknown Source)
at org.openqa.selenium.remote.http.W3CHttpResponseCodec.createException(W3CHttpResponseCodec.java:187)
at org.openqa.selenium.remote.http.W3CHttpResponseCodec.decode(W3CHttpResponseCodec.java:122)
at org.openqa.selenium.remote.http.W3CHttpResponseCodec.decode(W3CHttpResponseCodec.java:49)
at org.openqa.selenium.remote.HttpCommandExecutor.execute(HttpCommandExecutor.java:158)
at org.openqa.selenium.remote.service.DriverCommandExecutor.execute(DriverCommandExecutor.java:83)
at org.openqa.selenium.remote.RemoteWebDriver.execute(RemoteWebDriver.java:552)
at org.openqa.selenium.remote.RemoteWebElement.execute(RemoteWebElement.java:285)
at org.openqa.selenium.remote.RemoteWebElement.sendKeys(RemoteWebElement.java:106)
at org.automation.base.BaseClass.elementSendText(BaseClass.java:156)
at org.automation.testcases.TC_008_Iframe_New_Window.WindowHandleDemo(TC_008_Iframe_New_Window.java:33)
at sun.reflect.NativeMethodAccessorImpl.invoke0(Native Method)
at sun.reflect.NativeMethodAccessorImpl.invoke(Unknown Source)
at sun.reflect.DelegatingMethodAccessorImpl.invoke(Unknown Source)
at java.lang.reflect.Method.invoke(Unknown Source)
at org.testng.internal.MethodInvocationHelper.invokeMethod(MethodInvocationHelper.java:124)
at org.testng.internal.Invoker.invokeMethod(Invoker.java:583)
at org.testng.internal.Invoker.invokeTestMethod(Invoker.java:719)
at org.testng.internal.Invoker.invokeTestMethods(Invoker.java:989)
at org.testng.internal.TestMethodWorker.invokeTestMethods(TestMethodWorker.java:125)
at org.testng.internal.TestMethodWorker.run(TestMethodWorker.java:109)
at org.testng.TestRunner.privateRun(TestRunner.java:648)
at org.testng.TestRunner.run(TestRunner.java:505)
at org.testng.SuiteRunner.runTest(SuiteRunner.java:455)
at org.testng.SuiteRunner.runSequentially(SuiteRunner.java:450)
at org.testng.SuiteRunner.privateRun(SuiteRunner.java:415)
at org.testng.SuiteRunner.run(SuiteRunner.java:364)
at org.testng.SuiteRunnerWorker.runSuite(SuiteRunnerWorker.java:52)
at org.testng.SuiteRunnerWorker.run(SuiteRunnerWorker.java:84)
at org.testng.TestNG.runSuitesSequentially(TestNG.java:1208)
at org.testng.TestNG.runSuitesLocally(TestNG.java:1137)
at org.testng.TestNG.runSuites(TestNG.java:1049)
at org.testng.TestNG.run(TestNG.java:1017)
at org.gradle.api.internal.tasks.testing.testng.TestNGTestClassProcessor.runTests(TestNGTestClassProcessor.java:141)
at org.gradle.api.internal.tasks.testing.testng.TestNGTestClassProcessor.stop(TestNGTestClassProcessor.java:90)
at org.gradle.api.internal.tasks.testing.SuiteTestClassProcessor.stop(SuiteTestClassProcessor.java:61)
at sun.reflect.NativeMethodAccessorImpl.invoke0(Native Method)
at sun.reflect.NativeMethodAccessorImpl.invoke(Unknown Source)
at sun.reflect.DelegatingMethodAccessorImpl.invoke(Unknown Source)
at java.lang.reflect.Method.invoke(Unknown Source)
at org.gradle.internal.dispatch.ReflectionDispatch.dispatch(ReflectionDispatch.java:36)
at org.gradle.internal.dispatch.ReflectionDispatch.dispatch(ReflectionDispatch.java:24)
at org.gradle.internal.dispatch.ContextClassLoaderDispatch.dispatch(ContextClassLoaderDispatch.java:33)
at org.gradle.internal.dispatch.ProxyDispatchAdapter$DispatchingInvocationHandler.invoke(ProxyDispatchAdapter.java:94)
at com.sun.proxy.$Proxy2.stop(Unknown Source)
at org.gradle.api.internal.tasks.testing.worker.TestWorker.stop(TestWorker.java:133)
at sun.reflect.NativeMethodAccessorImpl.invoke0(Native Method)
at sun.reflect.NativeMethodAccessorImpl.invoke(Unknown Source)
at sun.reflect.DelegatingMethodAccessorImpl.invoke(Unknown Source)
at java.lang.reflect.Method.invoke(Unknown Source)
at org.gradle.internal.dispatch.ReflectionDispatch.dispatch(ReflectionDispatch.java:36)
at org.gradle.internal.dispatch.ReflectionDispatch.dispatch(ReflectionDispatch.java:24)
at org.gradle.internal.remote.internal.hub.MessageHubBackedObjectConnection$DispatchWrapper.dispatch(MessageHubBackedObjectConnection.java:182)
at org.gradle.internal.remote.internal.hub.MessageHubBackedObjectConnection$DispatchWrapper.dispatch(MessageHubBackedObjectConnection.java:164)
at org.gradle.internal.remote.internal.hub.MessageHub$Handler.run(MessageHub.java:414)
at org.gradle.internal.concurrent.ExecutorPolicy$CatchAndRecordFailures.onExecute(ExecutorPolicy.java:64)
at org.gradle.internal.concurrent.ManagedExecutorImpl$1.run(ManagedExecutorImpl.java:48)
at java.util.concurrent.ThreadPoolExecutor.runWorker(Unknown Source)
at java.util.concurrent.ThreadPoolExecutor$Worker.run(Unknown Source)
at org.gradle.internal.concurrent.ThreadFactoryImpl$ManagedThreadRunnable.run(ThreadFactoryImpl.java:56)
at java.lang.Thread.run(Unknown Source)
]]>
            </full-stacktrace>
          </exception> <!-- org.openqa.selenium.ElementNotInteractableException -->
          <reporter-output>
          </reporter-output>
        </test-method> <!-- WindowHandleDemo -->
        <test-method status="PASS" signature="tearDown(org.testng.ITestResult)[pri:0, instance:org.automation.testcases.TC_008_Iframe_New_Window@3ceaceaf]" name="tearDown" is-config="true" duration-ms="398" started-at="2020-12-10T04:03:20Z" finished-at="2020-12-10T04:03:20Z">
          <params>
            <param index="0">
              <value>
                <![CDATA[[TestResult name=WindowHandleDemo status=FAILURE method=TC_008_Iframe_New_Window.WindowHandleDemo()[pri:0, instance:org.automation.testcases.TC_008_Iframe_New_Window@3ceaceaf] output={null}]]]>
              </value>
            </param>
          </params>
          <reporter-output>
          </reporter-output>
        </test-method> <!-- tearDown -->
      </class> <!-- org.automation.testcases.TC_008_Iframe_New_Window -->
      <class name="org.automation.testcases.TC_005_Validate_Hide_Inactive_functionality">
        <test-method status="PASS" signature="initiateDriverInstance()[pri:0, instance:org.automation.testcases.TC_005_Validate_Hide_Inactive_functionality@33f1df9d]" name="initiateDriverInstance" is-config="true" duration-ms="18573" started-at="2020-12-10T04:01:00Z" finished-at="2020-12-10T04:01:19Z">
          <reporter-output>
          </reporter-output>
        </test-method> <!-- initiateDriverInstance -->
        <test-method status="PASS" signature="HideInactiveCheckbox()[pri:0, instance:org.automation.testcases.TC_005_Validate_Hide_Inactive_functionality@33f1df9d]" name="HideInactiveCheckbox" duration-ms="26965" started-at="2020-12-10T04:01:19Z" finished-at="2020-12-10T04:01:46Z">
          <reporter-output>
          </reporter-output>
        </test-method> <!-- HideInactiveCheckbox -->
        <test-method status="PASS" signature="tearDown(org.testng.ITestResult)[pri:0, instance:org.automation.testcases.TC_005_Validate_Hide_Inactive_functionality@33f1df9d]" name="tearDown" is-config="true" duration-ms="521" started-at="2020-12-10T04:01:46Z" finished-at="2020-12-10T04:01:46Z">
          <params>
            <param index="0">
              <value>
                <![CDATA[[TestResult name=HideInactiveCheckbox status=SUCCESS method=TC_005_Validate_Hide_Inactive_functionality.HideInactiveCheckbox()[pri:0, instance:org.automation.testcases.TC_005_Validate_Hide_Inactive_functionality@33f1df9d] output={null}]]]>
              </value>
            </param>
          </params>
          <reporter-output>
          </reporter-output>
        </test-method> <!-- tearDown -->
      </class> <!-- org.automation.testcases.TC_005_Validate_Hide_Inactive_functionality -->
      <class name="org.automation.testcases.TC_002_Validate_Template_Listing_Screen">
        <test-method status="PASS" signature="initiateDriverInstance()[pri:0, instance:org.automation.testcases.TC_002_Validate_Template_Listing_Screen@54344d0d]" name="initiateDriverInstance" is-config="true" duration-ms="18883" started-at="2020-12-10T04:03:20Z" finished-at="2020-12-10T04:03:39Z">
          <reporter-output>
          </reporter-output>
        </test-method> <!-- initiateDriverInstance -->
        <test-method status="PASS" signature="validateFieldsDisplayed()[pri:1, instance:org.automation.testcases.TC_002_Validate_Template_Listing_Screen@54344d0d]" name="validateFieldsDisplayed" duration-ms="5115" started-at="2020-12-10T04:03:39Z" finished-at="2020-12-10T04:03:44Z">
          <reporter-output>
          </reporter-output>
        </test-method> <!-- validateFieldsDisplayed -->
        <test-method status="PASS" signature="tearDown(org.testng.ITestResult)[pri:0, instance:org.automation.testcases.TC_002_Validate_Template_Listing_Screen@54344d0d]" name="tearDown" is-config="true" duration-ms="421" started-at="2020-12-10T04:03:44Z" finished-at="2020-12-10T04:03:44Z">
          <params>
            <param index="0">
              <value>
                <![CDATA[[TestResult name=validateFieldsDisplayed status=SUCCESS method=TC_002_Validate_Template_Listing_Screen.validateFieldsDisplayed()[pri:1, instance:org.automation.testcases.TC_002_Validate_Template_Listing_Screen@54344d0d] output={null}]]]>
              </value>
            </param>
          </params>
          <reporter-output>
          </reporter-output>
        </test-method> <!-- tearDown -->
        <test-method status="PASS" signature="initiateDriverInstance()[pri:0, instance:org.automation.testcases.TC_002_Validate_Template_Listing_Screen@54344d0d]" name="initiateDriverInstance" is-config="true" duration-ms="18925" started-at="2020-12-10T04:03:44Z" finished-at="2020-12-10T04:04:03Z">
          <reporter-output>
          </reporter-output>
        </test-method> <!-- initiateDriverInstance -->
        <test-method status="PASS" signature="verifyValidationOnNoRecords()[pri:2, instance:org.automation.testcases.TC_002_Validate_Template_Listing_Screen@54344d0d]" name="verifyValidationOnNoRecords" duration-ms="4981" started-at="2020-12-10T04:04:03Z" finished-at="2020-12-10T04:04:08Z">
          <reporter-output>
          </reporter-output>
        </test-method> <!-- verifyValidationOnNoRecords -->
        <test-method status="PASS" signature="tearDown(org.testng.ITestResult)[pri:0, instance:org.automation.testcases.TC_002_Validate_Template_Listing_Screen@54344d0d]" name="tearDown" is-config="true" duration-ms="522" started-at="2020-12-10T04:04:08Z" finished-at="2020-12-10T04:04:09Z">
          <params>
            <param index="0">
              <value>
                <![CDATA[[TestResult name=verifyValidationOnNoRecords status=SUCCESS method=TC_002_Validate_Template_Listing_Screen.verifyValidationOnNoRecords()[pri:2, instance:org.automation.testcases.TC_002_Validate_Template_Listing_Screen@54344d0d] output={null}]]]>
              </value>
            </param>
          </params>
          <reporter-output>
          </reporter-output>
        </test-method> <!-- tearDown -->
      </class> <!-- org.automation.testcases.TC_002_Validate_Template_Listing_Screen -->
      <class name="org.automation.testcases.TC_001_Validate_Question_Template_Creation">
        <test-method status="PASS" signature="setUp()[pri:0, instance:org.automation.testcases.TC_001_Validate_Question_Template_Creation@15293b18]" name="setUp" is-config="true" duration-ms="78" started-at="2020-12-10T03:58:30Z" finished-at="2020-12-10T03:58:30Z">
          <reporter-output>
          </reporter-output>
        </test-method> <!-- setUp -->
        <test-method status="PASS" signature="initiateDriverInstance()[pri:0, instance:org.automation.testcases.TC_001_Validate_Question_Template_Creation@15293b18]" name="initiateDriverInstance" is-config="true" duration-ms="21794" started-at="2020-12-10T03:58:30Z" finished-at="2020-12-10T03:58:52Z">
          <reporter-output>
          </reporter-output>
        </test-method> <!-- initiateDriverInstance -->
        <test-method status="PASS" signature="templateCreation()[pri:0, instance:org.automation.testcases.TC_001_Validate_Question_Template_Creation@15293b18]" name="templateCreation" duration-ms="40366" started-at="2020-12-10T03:58:52Z" finished-at="2020-12-10T03:59:33Z">
          <reporter-output>
          </reporter-output>
        </test-method> <!-- templateCreation -->
        <test-method status="PASS" signature="tearDown(org.testng.ITestResult)[pri:0, instance:org.automation.testcases.TC_001_Validate_Question_Template_Creation@15293b18]" name="tearDown" is-config="true" duration-ms="435" started-at="2020-12-10T03:59:33Z" finished-at="2020-12-10T03:59:33Z">
          <params>
            <param index="0">
              <value>
                <![CDATA[[TestResult name=templateCreation status=SUCCESS method=TC_001_Validate_Question_Template_Creation.templateCreation()[pri:0, instance:org.automation.testcases.TC_001_Validate_Question_Template_Creation@15293b18] output={null}]]]>
              </value>
            </param>
          </params>
          <reporter-output>
          </reporter-output>
        </test-method> <!-- tearDown -->
        <test-method status="PASS" signature="endReport()[pri:0, instance:org.automation.testcases.TC_001_Validate_Question_Template_Creation@15293b18]" name="endReport" is-config="true" duration-ms="249" started-at="2020-12-10T04:04:09Z" finished-at="2020-12-10T04:04:09Z">
          <reporter-output>
          </reporter-output>
        </test-method> <!-- endReport -->
      </class> <!-- org.automation.testcases.TC_001_Validate_Question_Template_Creation -->
      <class name="org.automation.testcases.TC_004_Validate_Columns_in_Listing_Screen">
        <test-method status="PASS" signature="initiateDriverInstance()[pri:0, instance:org.automation.testcases.TC_004_Validate_Columns_in_Listing_Screen@6f5cc895]" name="initiateDriverInstance" is-config="true" duration-ms="19045" started-at="2020-12-10T04:00:36Z" finished-at="2020-12-10T04:00:55Z">
          <reporter-output>
          </reporter-output>
        </test-method> <!-- initiateDriverInstance -->
        <test-method status="PASS" signature="validateColumns()[pri:0, instance:org.automation.testcases.TC_004_Validate_Columns_in_Listing_Screen@6f5cc895]" name="validateColumns" duration-ms="5249" started-at="2020-12-10T04:00:55Z" finished-at="2020-12-10T04:01:00Z">
          <reporter-output>
          </reporter-output>
        </test-method> <!-- validateColumns -->
        <test-method status="PASS" signature="tearDown(org.testng.ITestResult)[pri:0, instance:org.automation.testcases.TC_004_Validate_Columns_in_Listing_Screen@6f5cc895]" name="tearDown" is-config="true" duration-ms="376" started-at="2020-12-10T04:01:00Z" finished-at="2020-12-10T04:01:00Z">
          <params>
            <param index="0">
              <value>
                <![CDATA[[TestResult name=validateColumns status=SUCCESS method=TC_004_Validate_Columns_in_Listing_Screen.validateColumns()[pri:0, instance:org.automation.testcases.TC_004_Validate_Columns_in_Listing_Screen@6f5cc895] output={null}]]]>
              </value>
            </param>
          </params>
          <reporter-output>
          </reporter-output>
        </test-method> <!-- tearDown -->
      </class> <!-- org.automation.testcases.TC_004_Validate_Columns_in_Listing_Screen -->
      <class name="org.automation.testcases.TC_006_Validate_Error_Messages_Question_Template">
        <test-method status="PASS" signature="initiateDriverInstance()[pri:0, instance:org.automation.testcases.TC_006_Validate_Error_Messages_Question_Template@455bb0cb]" name="initiateDriverInstance" is-config="true" duration-ms="19189" started-at="2020-12-10T04:01:46Z" finished-at="2020-12-10T04:02:05Z">
          <reporter-output>
          </reporter-output>
        </test-method> <!-- initiateDriverInstance -->
        <test-method status="PASS" signature="errorMessage()[pri:0, instance:org.automation.testcases.TC_006_Validate_Error_Messages_Question_Template@455bb0cb]" name="errorMessage" duration-ms="16247" started-at="2020-12-10T04:02:05Z" finished-at="2020-12-10T04:02:22Z">
          <reporter-output>
          </reporter-output>
        </test-method> <!-- errorMessage -->
        <test-method status="PASS" signature="tearDown(org.testng.ITestResult)[pri:0, instance:org.automation.testcases.TC_006_Validate_Error_Messages_Question_Template@455bb0cb]" name="tearDown" is-config="true" duration-ms="450" started-at="2020-12-10T04:02:22Z" finished-at="2020-12-10T04:02:22Z">
          <params>
            <param index="0">
              <value>
                <![CDATA[[TestResult name=errorMessage status=SUCCESS method=TC_006_Validate_Error_Messages_Question_Template.errorMessage()[pri:0, instance:org.automation.testcases.TC_006_Validate_Error_Messages_Question_Template@455bb0cb] output={null}]]]>
              </value>
            </param>
          </params>
          <reporter-output>
          </reporter-output>
        </test-method> <!-- tearDown -->
      </class> <!-- org.automation.testcases.TC_006_Validate_Error_Messages_Question_Template -->
      <class name="org.automation.testcases.TC_007_Validate_Fields_Application_Question_Tab">
        <test-method status="PASS" signature="initiateDriverInstance()[pri:0, instance:org.automation.testcases.TC_007_Validate_Fields_Application_Question_Tab@35fba0e5]" name="initiateDriverInstance" is-config="true" duration-ms="19351" started-at="2020-12-10T04:02:22Z" finished-at="2020-12-10T04:02:42Z">
          <reporter-output>
          </reporter-output>
        </test-method> <!-- initiateDriverInstance -->
        <test-method status="PASS" signature="validateFields()[pri:0, instance:org.automation.testcases.TC_007_Validate_Fields_Application_Question_Tab@35fba0e5]" name="validateFields" duration-ms="10552" started-at="2020-12-10T04:02:42Z" finished-at="2020-12-10T04:02:52Z">
          <reporter-output>
          </reporter-output>
        </test-method> <!-- validateFields -->
        <test-method status="PASS" signature="tearDown(org.testng.ITestResult)[pri:0, instance:org.automation.testcases.TC_007_Validate_Fields_Application_Question_Tab@35fba0e5]" name="tearDown" is-config="true" duration-ms="374" started-at="2020-12-10T04:02:52Z" finished-at="2020-12-10T04:02:52Z">
          <params>
            <param index="0">
              <value>
                <![CDATA[[TestResult name=validateFields status=SUCCESS method=TC_007_Validate_Fields_Application_Question_Tab.validateFields()[pri:0, instance:org.automation.testcases.TC_007_Validate_Fields_Application_Question_Tab@35fba0e5] output={null}]]]>
              </value>
            </param>
          </params>
          <reporter-output>
          </reporter-output>
        </test-method> <!-- tearDown -->
      </class> <!-- org.automation.testcases.TC_007_Validate_Fields_Application_Question_Tab -->
      <class name="org.automation.testcases.TC_003_Validate_Multiselect_button_functionality">
        <test-method status="PASS" signature="initiateDriverInstance()[pri:0, instance:org.automation.testcases.TC_003_Validate_Multiselect_button_functionality@415620cd]" name="initiateDriverInstance" is-config="true" duration-ms="19171" started-at="2020-12-10T03:59:33Z" finished-at="2020-12-10T03:59:52Z">
          <reporter-output>
          </reporter-output>
        </test-method> <!-- initiateDriverInstance -->
        <test-method status="PASS" signature="SelectAllButton()[pri:0, instance:org.automation.testcases.TC_003_Validate_Multiselect_button_functionality@415620cd]" name="SelectAllButton" duration-ms="42992" started-at="2020-12-10T03:59:52Z" finished-at="2020-12-10T04:00:35Z">
          <reporter-output>
          </reporter-output>
        </test-method> <!-- SelectAllButton -->
        <test-method status="PASS" signature="tearDown(org.testng.ITestResult)[pri:0, instance:org.automation.testcases.TC_003_Validate_Multiselect_button_functionality@415620cd]" name="tearDown" is-config="true" duration-ms="379" started-at="2020-12-10T04:00:35Z" finished-at="2020-12-10T04:00:36Z">
          <params>
            <param index="0">
              <value>
                <![CDATA[[TestResult name=SelectAllButton status=SUCCESS method=TC_003_Validate_Multiselect_button_functionality.SelectAllButton()[pri:0, instance:org.automation.testcases.TC_003_Validate_Multiselect_button_functionality@415620cd] output={null}]]]>
              </value>
            </param>
          </params>
          <reporter-output>
          </reporter-output>
        </test-method> <!-- tearDown -->
      </class> <!-- org.automation.testcases.TC_003_Validate_Multiselect_button_functionality -->
    </test> <!-- QuickHire Test2 -->
  </suite> <!-- QuickHire Suite -->
</testng-results>
